<?xml version="1.0" encoding="UTF-8"?>
<!-- Generated by org.testng.reporters.JUnitXMLReporter -->
<testsuite hostname="LAPTOP-SHAHBAZ" name="ChromeTest" tests="4" failures="0" timestamp="22 Dec 2016 09:40:18 GMT" time="0.078" errors="0">
  <testcase name="@BeforeClass beforeClass" time="0.0" classname="TestCases.loginTestCases">
    <failure type="java.lang.NullPointerException">
      <![CDATA[java.lang.NullPointerException
	at TestCases.loginTestCases.beforeClass(loginTestCases.java:80)
	at java.util.concurrent.FutureTask.run(FutureTask.java:262)
	at java.util.concurrent.ThreadPoolExecutor.runWorker(ThreadPoolExecutor.java:1145)
	at java.util.concurrent.ThreadPoolExecutor$Worker.run(ThreadPoolExecutor.java:615)
	at java.lang.Thread.run(Thread.java:745)
... Removed 16 stack frames]]>
    </failure>
  </testcase> <!-- @BeforeClass beforeClass -->
  <testcase name="@AfterMethod TearDown" time="0.0" classname="TestCases.loginTestCases">
    <skipped/>
  </testcase> <!-- @AfterMethod TearDown -->
  <testcase name="@AfterMethod TearDown" time="0.0" classname="TestCases.loginTestCases">
    <skipped/>
  </testcase> <!-- @AfterMethod TearDown -->
  <testcase name="@AfterMethod TearDown" time="0.0" classname="TestCases.loginTestCases">
    <skipped/>
  </testcase> <!-- @AfterMethod TearDown -->
  <testcase name="@AfterMethod TearDown" time="0.0" classname="TestCases.loginTestCases">
    <skipped/>
  </testcase> <!-- @AfterMethod TearDown -->
  <testcase name="@AfterClass afterClass" time="0.0" classname="TestCases.loginTestCases">
    <skipped/>
  </testcase> <!-- @AfterClass afterClass -->
  <testcase name="blankPwd" time="0.001" classname="TestCases.loginTestCases">
    <skipped/>
  </testcase> <!-- blankPwd -->
  <testcase name="blankUser" time="0.001" classname="TestCases.loginTestCases">
    <skipped/>
  </testcase> <!-- blankUser -->
  <testcase name="blankUserPwd" time="0.0" classname="TestCases.loginTestCases">
    <skipped/>
  </testcase> <!-- blankUserPwd -->
  <testcase name="login" time="0.0" classname="TestCases.loginTestCases">
    <skipped/>
  </testcase> <!-- login -->
</testsuite> <!-- ChromeTest -->
