<?xml version="1.0" encoding="UTF-8"?>
<!-- Generated by org.testng.reporters.JUnitXMLReporter -->
<testsuite hostname="LAPTOP-SHAHBAZ" name="FirefoxTest" tests="4" failures="1" timestamp="22 Dec 2016 07:37:25 GMT" time="61.266" errors="0">
  <testcase name="blankPwd" time="0.231" classname="TestCases.loginTestCases">
    <failure type="java.lang.NullPointerException">
      <![CDATA[java.lang.NullPointerException
	at TestCases.loginTestCases.blankPwd(loginTestCases.java:125)
	at java.util.concurrent.FutureTask.run(FutureTask.java:262)
	at java.util.concurrent.ThreadPoolExecutor.runWorker(ThreadPoolExecutor.java:1145)
	at java.util.concurrent.ThreadPoolExecutor$Worker.run(ThreadPoolExecutor.java:615)
	at java.lang.Thread.run(Thread.java:745)
... Removed 16 stack frames]]>
    </failure>
  </testcase> <!-- blankPwd -->
  <testcase name="blankUser" time="1.687" classname="TestCases.loginTestCases"/>
  <testcase name="blankUserPwd" time="1.661" classname="TestCases.loginTestCases"/>
  <testcase name="login" time="22.536" classname="TestCases.loginTestCases"/>
</testsuite> <!-- FirefoxTest -->
