<?xml version="1.0" encoding="UTF-8"?>
<testng-results skipped="4" failed="0" total="4" passed="0">
  <reporter-output>
  </reporter-output>
  <suite name="Suite" duration-ms="78" started-at="2016-12-22T09:40:17Z" finished-at="2016-12-22T09:40:17Z">
    <groups>
    </groups>
    <test name="ChromeTest" duration-ms="78" started-at="2016-12-22T09:40:17Z" finished-at="2016-12-22T09:40:17Z">
      <class name="TestCases.loginTestCases">
        <test-method status="FAIL" signature="beforeClass(java.lang.String)[pri:0, instance:TestCases.loginTestCases@6dbd984]" name="beforeClass" is-config="true" duration-ms="0" started-at="2016-12-22T14:40:17Z" finished-at="2016-12-22T14:40:17Z">
          <params>
            <param index="0">
              <value>
                <![CDATA[chrome]]>
              </value>
            </param>
          </params>
          <exception class="java.lang.NullPointerException">
            <full-stacktrace>
              <![CDATA[java.lang.NullPointerException
	at TestCases.loginTestCases.beforeClass(loginTestCases.java:80)
	at sun.reflect.NativeMethodAccessorImpl.invoke0(Native Method)
	at sun.reflect.NativeMethodAccessorImpl.invoke(NativeMethodAccessorImpl.java:57)
	at sun.reflect.DelegatingMethodAccessorImpl.invoke(DelegatingMethodAccessorImpl.java:43)
	at java.lang.reflect.Method.invoke(Method.java:606)
	at org.testng.internal.MethodInvocationHelper.invokeMethod(MethodInvocationHelper.java:85)
	at org.testng.internal.Invoker.invokeConfigurationMethod(Invoker.java:510)
	at org.testng.internal.Invoker.invokeConfigurations(Invoker.java:211)
	at org.testng.internal.Invoker.invokeConfigurations(Invoker.java:138)
	at org.testng.internal.TestMethodWorker.invokeBeforeClassMethods(TestMethodWorker.java:170)
	at org.testng.internal.TestMethodWorker.run(TestMethodWorker.java:104)
	at org.testng.TestRunner.privateRun(TestRunner.java:774)
	at org.testng.TestRunner.run(TestRunner.java:624)
	at org.testng.SuiteRunner.runTest(SuiteRunner.java:359)
	at org.testng.SuiteRunner.access$000(SuiteRunner.java:39)
	at org.testng.SuiteRunner$SuiteWorker.run(SuiteRunner.java:393)
	at org.testng.internal.thread.ThreadUtil$2.call(ThreadUtil.java:64)
	at java.util.concurrent.FutureTask.run(FutureTask.java:262)
	at java.util.concurrent.ThreadPoolExecutor.runWorker(ThreadPoolExecutor.java:1145)
	at java.util.concurrent.ThreadPoolExecutor$Worker.run(ThreadPoolExecutor.java:615)
	at java.lang.Thread.run(Thread.java:745)
]]>
            </full-stacktrace>
          </exception> <!-- java.lang.NullPointerException -->
          <reporter-output>
          </reporter-output>
        </test-method> <!-- beforeClass -->
        <test-method status="SKIP" signature="blankPwd()[pri:0, instance:TestCases.loginTestCases@6dbd984]" name="blankPwd" duration-ms="1" started-at="2016-12-22T14:40:17Z" finished-at="2016-12-22T14:40:17Z">
          <reporter-output>
          </reporter-output>
        </test-method> <!-- blankPwd -->
        <test-method status="SKIP" signature="TearDown()[pri:0, instance:TestCases.loginTestCases@6dbd984]" name="TearDown" is-config="true" duration-ms="0" started-at="2016-12-22T14:40:17Z" finished-at="2016-12-22T14:40:17Z">
          <reporter-output>
          </reporter-output>
        </test-method> <!-- TearDown -->
        <test-method status="SKIP" signature="blankUser()[pri:1, instance:TestCases.loginTestCases@6dbd984]" name="blankUser" duration-ms="1" started-at="2016-12-22T14:40:17Z" finished-at="2016-12-22T14:40:17Z">
          <reporter-output>
          </reporter-output>
        </test-method> <!-- blankUser -->
        <test-method status="SKIP" signature="TearDown()[pri:0, instance:TestCases.loginTestCases@6dbd984]" name="TearDown" is-config="true" duration-ms="0" started-at="2016-12-22T14:40:17Z" finished-at="2016-12-22T14:40:17Z">
          <reporter-output>
          </reporter-output>
        </test-method> <!-- TearDown -->
        <test-method status="SKIP" signature="blankUserPwd()[pri:2, instance:TestCases.loginTestCases@6dbd984]" name="blankUserPwd" duration-ms="0" started-at="2016-12-22T14:40:17Z" finished-at="2016-12-22T14:40:17Z">
          <reporter-output>
          </reporter-output>
        </test-method> <!-- blankUserPwd -->
        <test-method status="SKIP" signature="TearDown()[pri:0, instance:TestCases.loginTestCases@6dbd984]" name="TearDown" is-config="true" duration-ms="0" started-at="2016-12-22T14:40:17Z" finished-at="2016-12-22T14:40:17Z">
          <reporter-output>
          </reporter-output>
        </test-method> <!-- TearDown -->
        <test-method status="SKIP" signature="login()[pri:3, instance:TestCases.loginTestCases@6dbd984]" name="login" duration-ms="0" started-at="2016-12-22T14:40:17Z" finished-at="2016-12-22T14:40:17Z">
          <reporter-output>
          </reporter-output>
        </test-method> <!-- login -->
        <test-method status="SKIP" signature="TearDown()[pri:0, instance:TestCases.loginTestCases@6dbd984]" name="TearDown" is-config="true" duration-ms="0" started-at="2016-12-22T14:40:17Z" finished-at="2016-12-22T14:40:17Z">
          <reporter-output>
          </reporter-output>
        </test-method> <!-- TearDown -->
        <test-method status="SKIP" signature="afterClass()[pri:0, instance:TestCases.loginTestCases@6dbd984]" name="afterClass" is-config="true" duration-ms="0" started-at="2016-12-22T14:40:17Z" finished-at="2016-12-22T14:40:17Z">
          <reporter-output>
          </reporter-output>
        </test-method> <!-- afterClass -->
      </class> <!-- TestCases.loginTestCases -->
    </test> <!-- ChromeTest -->
  </suite> <!-- Suite -->
</testng-results>
